[Mon Jun 17 22:04:04 2024] install: amscls
[Mon Jun 17 22:04:28 2024] install: amsfonts
[Mon Jun 17 22:04:30 2024] install: amsmath
[Mon Jun 17 22:04:31 2024] install: atbegshi
[Mon Jun 17 22:04:32 2024] install: atveryend
[Mon Jun 17 22:04:33 2024] install: auxhook
[Mon Jun 17 22:04:35 2024] install: babel
[Mon Jun 17 22:04:36 2024] install: bibtex.aarch64-linux
[Mon Jun 17 22:04:37 2024] install: bibtex
[Mon Jun 17 22:04:38 2024] install: bigintcalc
[Mon Jun 17 22:04:39 2024] install: bitset
[Mon Jun 17 22:04:40 2024] install: bookmark
[Mon Jun 17 22:04:41 2024] install: booktabs
[Mon Jun 17 22:04:42 2024] install: cm
[Mon Jun 17 22:04:43 2024] install: ctablestack
[Mon Jun 17 22:04:44 2024] install: dehyph
[Mon Jun 17 22:04:49 2024] install: dvipdfmx.aarch64-linux
[Mon Jun 17 22:04:50 2024] install: dvipdfmx
[Mon Jun 17 22:04:51 2024] install: dvips.aarch64-linux
[Mon Jun 17 22:04:53 2024] install: dvips
[Mon Jun 17 22:04:54 2024] install: ec
[Mon Jun 17 22:04:55 2024] install: epstopdf.aarch64-linux
[Mon Jun 17 22:04:56 2024] install: epstopdf
[Mon Jun 17 22:04:57 2024] install: epstopdf-pkg
[Mon Jun 17 22:04:58 2024] install: etex
[Mon Jun 17 22:04:59 2024] install: etexcmds
[Mon Jun 17 22:05:01 2024] install: etoolbox
[Mon Jun 17 22:05:02 2024] install: euenc
[Mon Jun 17 22:05:03 2024] install: fancyvrb
[Mon Jun 17 22:05:05 2024] install: filehook
[Mon Jun 17 22:05:06 2024] install: firstaid
[Mon Jun 17 22:05:07 2024] install: float
[Mon Jun 17 22:05:08 2024] install: fontspec
[Mon Jun 17 22:05:09 2024] install: framed
[Mon Jun 17 22:05:10 2024] install: geometry
[Mon Jun 17 22:05:11 2024] install: gettitlestring
[Mon Jun 17 22:05:12 2024] install: glyphlist
[Mon Jun 17 22:05:13 2024] install: graphics
[Mon Jun 17 22:05:14 2024] install: graphics-cfg
[Mon Jun 17 22:05:15 2024] install: graphics-def
[Mon Jun 17 22:05:17 2024] install: helvetic
[Mon Jun 17 22:05:19 2024] install: hycolor
[Mon Jun 17 22:05:20 2024] install: hyperref
[Mon Jun 17 22:05:21 2024] install: hyph-utf8
[Mon Jun 17 22:05:22 2024] install: iftex
[Mon Jun 17 22:05:25 2024] install: inconsolata
[Mon Jun 17 22:05:26 2024] install: infwarerr
[Mon Jun 17 22:05:27 2024] install: intcalc
[Mon Jun 17 22:05:28 2024] install: knuth-lib
[Mon Jun 17 22:05:29 2024] install: kvdefinekeys
[Mon Jun 17 22:05:30 2024] install: kvoptions
[Mon Jun 17 22:05:31 2024] install: kvsetkeys
[Mon Jun 17 22:05:32 2024] install: l3backend
[Mon Jun 17 22:05:34 2024] install: l3kernel
[Mon Jun 17 22:05:35 2024] install: l3packages
[Mon Jun 17 22:05:36 2024] install: latex
[Mon Jun 17 22:05:38 2024] install: latex-amsmath-dev
[Mon Jun 17 22:05:39 2024] install: latex-bin.aarch64-linux
[Mon Jun 17 22:05:40 2024] install: latex-bin
[Mon Jun 17 22:05:41 2024] install: latex-fonts
[Mon Jun 17 22:05:42 2024] install: latex-tools-dev
[Mon Jun 17 22:05:43 2024] install: latexconfig
[Mon Jun 17 22:05:44 2024] install: latexmk.aarch64-linux
[Mon Jun 17 22:05:46 2024] install: latexmk
[Mon Jun 17 22:05:47 2024] install: letltxmacro
[Mon Jun 17 22:06:40 2024] install: lm
[Mon Jun 17 22:06:48 2024] install: lm-math
[Mon Jun 17 22:06:49 2024] install: ltxcmds
[Mon Jun 17 22:06:49 2024] install: lua-alt-getopt
[Mon Jun 17 22:06:50 2024] install: lua-uni-algos
[Mon Jun 17 22:07:00 2024] install: luahbtex.aarch64-linux
[Mon Jun 17 22:07:01 2024] install: luahbtex
[Mon Jun 17 22:07:02 2024] install: lualatex-math
[Mon Jun 17 22:07:03 2024] install: lualibs
[Mon Jun 17 22:07:04 2024] install: luaotfload.aarch64-linux
[Mon Jun 17 22:07:07 2024] install: luaotfload
[Mon Jun 17 22:07:18 2024] install: luatex.aarch64-linux
[Mon Jun 17 22:07:19 2024] install: luatex
[Mon Jun 17 22:07:20 2024] install: luatexbase
[Mon Jun 17 22:07:21 2024] install: mdwtools
[Mon Jun 17 22:07:24 2024] install: metafont.aarch64-linux
[Mon Jun 17 22:07:25 2024] install: metafont
[Mon Jun 17 22:07:28 2024] install: mfware.aarch64-linux
[Mon Jun 17 22:07:29 2024] install: mfware
[Mon Jun 17 22:07:30 2024] install: modes
[Mon Jun 17 22:07:31 2024] install: natbib
[Mon Jun 17 22:07:32 2024] install: pdfescape
[Mon Jun 17 22:07:38 2024] install: pdftex.aarch64-linux
[Mon Jun 17 22:07:39 2024] install: pdftex
[Mon Jun 17 22:07:40 2024] install: pdftexcmds
[Mon Jun 17 22:07:41 2024] install: plain
[Mon Jun 17 22:07:43 2024] install: psnfss
[Mon Jun 17 22:07:44 2024] install: refcount
[Mon Jun 17 22:07:45 2024] install: rerunfilecheck
[Mon Jun 17 22:07:46 2024] install: selnolig
[Mon Jun 17 22:07:47 2024] install: stringenc
[Mon Jun 17 22:07:48 2024] install: symbol
[Mon Jun 17 22:07:50 2024] install: tex.aarch64-linux
[Mon Jun 17 22:07:50 2024] install: tex
[Mon Jun 17 22:07:51 2024] install: tex-ini-files
[Mon Jun 17 22:07:54 2024] install: times
[Mon Jun 17 22:07:57 2024] install: tipa
[Mon Jun 17 22:07:58 2024] install: tools
[Mon Jun 17 22:07:59 2024] install: unicode-data
[Mon Jun 17 22:08:00 2024] install: unicode-math
[Mon Jun 17 22:08:01 2024] install: uniquecounter
[Mon Jun 17 22:08:03 2024] install: url
[Mon Jun 17 22:08:04 2024] install: xcolor
[Mon Jun 17 22:08:24 2024] install: xetex.aarch64-linux
[Mon Jun 17 22:08:25 2024] install: xetex
[Mon Jun 17 22:08:26 2024] install: xetexconfig
[Mon Jun 17 22:08:28 2024] install: xkeyval
[Mon Jun 17 22:08:29 2024] install: xunicode
[Mon Jun 17 22:08:31 2024] install: zapfding
[Mon Jun 17 22:08:31 2024] command: mktexlsr
[Mon Jun 17 22:08:32 2024] command: updmap-sys
[Mon Jun 17 22:08:33 2024] command: fmtutil-sys --byengine luahbtex --no-error-if-no-format --no-error-if-no-engine=luametatex,luajithbtex,luajittex,mfluajit --status-file=/tmp/JoPfEA_6Mv/2I5WUaVMBT
[Mon Jun 17 22:09:09 2024]   OK: luahbtex.fmt/luahbtex lualatex.fmt/luahbtex
[Mon Jun 17 22:09:09 2024] command: fmtutil-sys --byengine xetex --no-error-if-no-format --no-error-if-no-engine=luametatex,luajithbtex,luajittex,mfluajit --status-file=/tmp/JoPfEA_6Mv/2I5WUaVMBT
[Mon Jun 17 22:09:43 2024]   OK: xetex.fmt/xetex xelatex.fmt/xetex
[Mon Jun 17 22:09:43 2024] command: fmtutil-sys --byengine tex --no-error-if-no-format --no-error-if-no-engine=luametatex,luajithbtex,luajittex,mfluajit --status-file=/tmp/JoPfEA_6Mv/2I5WUaVMBT
[Mon Jun 17 22:09:44 2024]   OK: tex.fmt/tex
[Mon Jun 17 22:09:44 2024] command: fmtutil-sys --byengine luatex --no-error-if-no-format --no-error-if-no-engine=luametatex,luajithbtex,luajittex,mfluajit --status-file=/tmp/JoPfEA_6Mv/2I5WUaVMBT
[Mon Jun 17 22:10:20 2024]   OK: luatex.fmt/luatex dvilualatex.fmt/luatex dviluatex.fmt/luatex
[Mon Jun 17 22:10:20 2024] command: fmtutil-sys --byengine pdftex --no-error-if-no-format --no-error-if-no-engine=luametatex,luajithbtex,luajittex,mfluajit --status-file=/tmp/JoPfEA_6Mv/2I5WUaVMBT
[Mon Jun 17 22:11:18 2024]   OK: pdftex.fmt/pdftex pdflatex.fmt/pdftex latex.fmt/pdftex etex.fmt/pdftex pdfetex.fmt/pdftex
[Mon Jun 17 22:11:18 2024] command: fmtutil-sys --byfmt mf --no-error-if-no-engine=luametatex,luajithbtex,luajittex,mfluajit --status-file=/tmp/JoPfEA_6Mv/2I5WUaVMBT
[Mon Jun 17 22:11:18 2024]   OK: mf.fmt/mf-nowin
